all.sh: Permission denied
alu1.sig
bcd.div3.sig
clpl.sig
co14.sig
max46.sig
newapla2.sig
newbyte.sig
newtag.sig
ryy6.sig
add6.sig
alu1.sig
bcd.div3.sig
clpl.sig
co14.sig
max46.sig
newapla2.sig
newbyte.sig
newtag.sig
ryy6.sig
add6.sig
adr4.sig
al2.sig
alcom.sig
alu1.sig
bcd.div3.sig
clpl.sig
co14.sig
max46.sig
newapla2.sig
newbyte.sig
newtag.sig
ryy6.sig
add6.sig
adr4.sig
al2.sig
alcom.sig
alu2.sig
alu3.sig
apla.sig
b4.sig
b11.sig
b2.sig
b7.sig
b9.sig
bc0.sig
bca.sig
bcb.sig
bcd.sig
br1.sig
br2.sig
dc1.sig
dc2.sig
dk17.sig
ex7.sig
exep.sig
product term(s) span more than one line (warning only)
exp.sig
in1.sig
in3.sig
in5.sig
in6.sig
in7.sig
life.sig
luc.sig
m1.sig
newapla.sig
newapla1.sig
newcond.sig
newcpla2.sig
newcwp.sig
newtpla.sig
newtpla1.sig
newtpla2.sig
newxcpla1.sig
p82.sig
prom1.sig
radd.sig
rckl.sig
rd53.sig
rd73.sig
risc.sig
sex.sig
sqn.sig
t2.sig
t3.sig
t4.sig
vg2.sig
vtx1.sig
x1dn.sig
x9dn.sig
z4.sig
Z5xp1.sig
Z9sym.sig
addm4.sig
amd.sig
b10.sig
b12.sig
b3.sig
bcc.sig
chkn.sig
cps.sig
product term(s) span more than one line (warning only)
dekoder.sig
dist.sig
dk27.sig
dk48.sig
exps.sig
f51m.sig
gary.sig
in0.sig
in2.sig
in4.sig
inc.sig
intb.sig
l8err.sig
lin.rom.sig
log8mod.sig
m181.sig
m2.sig
m3.sig
m4.sig
mark1.sig
max128.sig
max512.sig
mlp4.sig
mp2d.sig
newcpla1.sig
newill.sig
opa.sig
product term(s) span more than one line (warning only)
pope.rom.sig
root.sig
spla.sig
sqr6.sig
sym10.sig
t1.sig
tial.sig
tms.sig
wim.sig
x6dn.sig
